Microsoft (R) Build Engine version 15.9.21+g9802d43bc3 for .NET Framework
Copyright (C) Microsoft Corporation. All rights reserved.
Building the projects in this solution one at a time. To enable parallel build, please add the "/m" switch.
Build started 11/14/2019 11:10:35 AM.
Project "C:\projects\ci-targets\tests\compiled\cpp_stl_98\bin\KS_TEST_CPP_STL.sln" on node 1 (default targets).
ValidateSolutionConfiguration:
  Building solution configuration "Debug|x64".
ValidateProjects:
  The project "ALL_BUILD" is not selected for building in solution configuration "Debug|x64".
  The project "RUN_TESTS" is not selected for building in solution configuration "Debug|x64".
Project "C:\projects\ci-targets\tests\compiled\cpp_stl_98\bin\KS_TEST_CPP_STL.sln" (1) is building "C:\projects\ci-targets\tests\compiled\cpp_stl_98\bin\ZERO_CHECK.vcxproj" (2) on node 1 (default targets).
InitializeBuildStatus:
  Creating "x64\Debug\ZERO_CHECK\ZERO_CHECK.tlog\unsuccessfulbuild" because "AlwaysCreate" was specified.
CustomBuild:
  All outputs are up-to-date.
FinalizeBuildStatus:
  Deleting file "x64\Debug\ZERO_CHECK\ZERO_CHECK.tlog\unsuccessfulbuild".
  Touching "x64\Debug\ZERO_CHECK\ZERO_CHECK.tlog\ZERO_CHECK.lastbuildstate".
Done Building Project "C:\projects\ci-targets\tests\compiled\cpp_stl_98\bin\ZERO_CHECK.vcxproj" (default targets).
Project "C:\projects\ci-targets\tests\compiled\cpp_stl_98\bin\KS_TEST_CPP_STL.sln" (1) is building "C:\projects\ci-targets\tests\compiled\cpp_stl_98\bin\ks_tests.vcxproj.metaproj" (3) on node 1 (default targets).
Project "C:\projects\ci-targets\tests\compiled\cpp_stl_98\bin\ks_tests.vcxproj.metaproj" (3) is building "C:\projects\ci-targets\tests\compiled\cpp_stl_98\bin\ks_tests.vcxproj" (4) on node 1 (default targets).
InitializeBuildStatus:
  Touching "ks_tests.dir\Debug\ks_tests.tlog\unsuccessfulbuild".
CustomBuild:
  All outputs are up-to-date.
VcpkgTripletSelection:
  Not using Vcpkg because VcpkgEnabled is "false"
ClCompile:
  C:\Program Files (x86)\Microsoft Visual Studio\2017\Community\VC\Tools\MSVC\14.16.27023\bin\HostX86\x64\CL.exe /c /I"C:\projects\ci-targets\tests\compiled\cpp_stl_98\bin" /I"C:\projects\ci-targets\tests\compiled\cpp_stl_98" /I"C:\projects\ci-targets\tests\spec\cpp_stl_98\..\..\..\runtime\cpp_stl" /I"C:\projects\ci-targets\tests\spec\cpp_stl_98\prereq" /I"C:\Tools\vcpkg\installed\x64-windows\include" /Zi /nologo /W3 /WX- /diagnostics:classic /Od /Ob0 /D WIN32 /D _WINDOWS /D KS_ZLIB /D KS_STR_ENCODING_ICONV /D "CMAKE_INTDIR=\"Debug\"" /D _MBCS /Gm- /EHsc /RTC1 /MDd /GS /fp:precise /Zc:wchar_t /Zc:forScope /Zc:inline /GR /Fo"ks_tests.dir\Debug\\" /Fd"ks_tests.dir\Debug\vc141.pdb" /Gd /TP /errorReport:queue  /utf-8 "C:\projects\ci-targets\runtime\cpp_stl\kaitai\kaitaistream.cpp" "C:\projects\ci-targets\tests\spec\cpp_stl_98\test_default_endian_expr_is_be.cpp" "C:\projects\ci-targets\tests\spec\cpp_stl_98\test_expr_0.cpp" "C:\projects\ci-targets\tests\spec\cpp_stl_98\test_expr_calc_array_ops.cpp" "C:\projects\ci-targets\tests\spec\cpp_stl_98\test_expr_enum.cpp" "C:\projects\ci-targets\tests\spec\cpp_stl_98\test_hello_world.cpp" "C:\projects\ci-targets\tests\spec\cpp_stl_98\test_js_signed_right_shift.cpp" "C:\projects\ci-targets\tests\spec\cpp_stl_98\test_opaque_external_type_02_parent.cpp" "C:\projects\ci-targets\tests\spec\cpp_stl_98\test_process_xor_value.cpp" "C:\projects\ci-targets\tests\spec\cpp_stl_98\test_switch_integers.cpp" "C:\projects\ci-targets\tests\spec\cpp_stl_98\test_valid_fail_eq_bytes.cpp" "C:\projects\ci-targets\tests\compiled\cpp_stl_98\debug_enum_name.cpp" "C:\projects\ci-targets\tests\compiled\cpp_stl_98\enum_to_i.cpp" "C:\projects\ci-targets\tests\compiled\cpp_stl_98\eof_exception_bytes.cpp" "C:\projects\ci-targets\tests\compiled\cpp_stl_98\expr_sizeof_value_0.cpp" "C:\projects\ci-targets\tests\compiled\cpp_stl_98\imports_circular_b.cpp" "C:\projects\ci-targets\tests\compiled\cpp_stl_98\js_signed_right_shift.cpp" "C:\projects\ci-targets\tests\compiled\cpp_stl_98\nav_parent_false2.cpp" "C:\projects\ci-targets\tests\compiled\cpp_stl_98\params_pass_struct.cpp" "C:\projects\ci-targets\tests\compiled\cpp_stl_98\repeat_n_strz.cpp" "C:\projects\ci-targets\tests\compiled\cpp_stl_98\switch_manual_int.cpp"
  kaitaistream.cpp
C:\projects\ci-targets\runtime\cpp_stl\kaitai\kaitaistream.cpp(492): warning C4267: '=': conversion from 'size_t' to 'uInt', possible loss of data [C:\projects\ci-targets\tests\compiled\cpp_stl_98\bin\ks_tests.vcxproj]
  test_default_endian_expr_is_be.cpp
  test_expr_0.cpp
  test_expr_calc_array_ops.cpp
C:\projects\ci-targets\tests\spec\cpp_stl_98\test_expr_calc_array_ops.cpp(4): fatal error C1083: Cannot open include file: 'expr_calc_array_ops.h': No such file or directory [C:\projects\ci-targets\tests\compiled\cpp_stl_98\bin\ks_tests.vcxproj]
  test_expr_enum.cpp
  test_hello_world.cpp
  test_js_signed_right_shift.cpp
  test_opaque_external_type_02_parent.cpp
  test_process_xor_value.cpp
  test_switch_integers.cpp
  test_valid_fail_eq_bytes.cpp
  debug_enum_name.cpp
  enum_to_i.cpp
  eof_exception_bytes.cpp
  expr_sizeof_value_0.cpp
  imports_circular_b.cpp
  js_signed_right_shift.cpp
  nav_parent_false2.cpp
  params_pass_struct.cpp
  repeat_n_strz.cpp
  Generating Code...
  Compiling...
  switch_manual_int.cpp
  Generating Code...
Done Building Project "C:\projects\ci-targets\tests\compiled\cpp_stl_98\bin\ks_tests.vcxproj" (default targets) -- FAILED.
Done Building Project "C:\projects\ci-targets\tests\compiled\cpp_stl_98\bin\ks_tests.vcxproj.metaproj" (default targets) -- FAILED.
Done Building Project "C:\projects\ci-targets\tests\compiled\cpp_stl_98\bin\KS_TEST_CPP_STL.sln" (default targets) -- FAILED.
Build FAILED.
"C:\projects\ci-targets\tests\compiled\cpp_stl_98\bin\KS_TEST_CPP_STL.sln" (default target) (1) ->
"C:\projects\ci-targets\tests\compiled\cpp_stl_98\bin\ks_tests.vcxproj.metaproj" (default target) (3) ->
"C:\projects\ci-targets\tests\compiled\cpp_stl_98\bin\ks_tests.vcxproj" (default target) (4) ->
(ClCompile target) -> 
  C:\projects\ci-targets\runtime\cpp_stl\kaitai\kaitaistream.cpp(492): warning C4267: '=': conversion from 'size_t' to 'uInt', possible loss of data [C:\projects\ci-targets\tests\compiled\cpp_stl_98\bin\ks_tests.vcxproj]
"C:\projects\ci-targets\tests\compiled\cpp_stl_98\bin\KS_TEST_CPP_STL.sln" (default target) (1) ->
"C:\projects\ci-targets\tests\compiled\cpp_stl_98\bin\ks_tests.vcxproj.metaproj" (default target) (3) ->
"C:\projects\ci-targets\tests\compiled\cpp_stl_98\bin\ks_tests.vcxproj" (default target) (4) ->
(ClCompile target) -> 
  C:\projects\ci-targets\tests\spec\cpp_stl_98\test_expr_calc_array_ops.cpp(4): fatal error C1083: Cannot open include file: 'expr_calc_array_ops.h': No such file or directory [C:\projects\ci-targets\tests\compiled\cpp_stl_98\bin\ks_tests.vcxproj]
    1 Warning(s)
    1 Error(s)
Time Elapsed 00:00:30.15
